SF:lib\src\cart\cart_state.dart
DA:12,3
DA:15,1
DA:16,2
DA:20,1
DA:21,5
DA:24,2
DA:25,3
DA:26,1
DA:28,2
DA:30,8
DA:33,3
DA:35,1
DA:36,1
DA:39,2
DA:45,1
DA:46,6
DA:49,1
DA:50,3
LF:18
LH:18
end_of_record
SF:lib\src\cart\cart_events.dart
DA:4,0
DA:5,0
DA:14,1
DA:16,0
DA:17,0
DA:26,1
DA:28,0
DA:29,0
DA:41,1
DA:43,0
DA:44,0
DA:56,1
DA:58,0
DA:59,0
LF:14
LH:4
end_of_record
SF:lib\src\cart\cart_bloc.dart
DA:14,2
DA:16,3
DA:17,1
DA:19,2
DA:20,2
DA:21,2
DA:22,2
DA:23,2
DA:24,2
DA:25,2
DA:28,1
DA:30,5
DA:31,0
DA:34,2
DA:36,3
DA:37,0
DA:40,4
DA:43,1
DA:44,3
DA:45,7
DA:47,1
DA:48,1
DA:49,4
DA:51,3
DA:53,2
DA:54,1
DA:55,1
DA:58,1
DA:59,2
DA:60,6
DA:61,1
DA:62,2
DA:63,1
DA:64,1
DA:67,1
DA:68,2
DA:69,2
DA:70,4
DA:71,2
DA:72,2
DA:76,1
DA:77,1
DA:78,2
DA:79,1
DA:80,1
DA:83,1
DA:84,4
DA:85,4
DA:86,3
DA:89,1
DA:90,2
DA:91,1
DA:92,1
DA:95,1
DA:97,1
DA:98,1
DA:101,1
DA:102,1
DA:103,2
DA:104,4
DA:108,1
DA:109,1
DA:110,2
DA:111,4
DA:115,3
DA:116,6
DA:118,0
DA:121,0
DA:122,0
DA:123,0
DA:124,0
DA:125,0
DA:131,1
DA:133,1
LF:74
LH:66
end_of_record
SF:lib\src\cart\cart_models.dart
DA:17,1
DA:20,1
DA:21,4
DA:22,2
DA:23,3
DA:26,0
DA:27,0
DA:28,0
DA:29,0
DA:30,0
DA:35,1
DA:36,1
DA:37,1
DA:38,1
DA:39,1
DA:43,1
DA:44,5
DA:47,1
DA:48,4
DA:66,1
DA:74,2
DA:76,0
DA:77,0
DA:79,1
DA:81,5
LF:25
LH:18
end_of_record
SF:lib\src\catalog\catalog_model.dart
DA:4,2
DA:10,1
DA:11,4
DA:14,5
DA:16,2
DA:17,8
LF:6
LH:6
end_of_record
SF:lib\src\catalog\catalog_bloc.dart
DA:14,3
DA:15,2
DA:17,0
DA:18,1
DA:19,3
DA:23,1
DA:25,1
DA:27,3
DA:28,1
DA:30,3
DA:33,3
DA:35,3
DA:41,0
DA:42,0
DA:48,1
LF:15
LH:12
end_of_record
SF:lib\src\catalog\catalog_state.dart
DA:4,2
DA:8,1
DA:9,2
DA:10,1
DA:11,3
LF:5
LH:5
end_of_record
