SF:lib\src\catalog\catalog_bloc.dart
DA:15,3
DA:16,2
DA:18,0
DA:19,1
DA:20,3
DA:22,1
DA:24,1
DA:26,3
DA:27,1
DA:29,3
DA:31,3
DA:37,0
DA:38,0
DA:43,1
LF:14
LH:11
end_of_record
SF:lib\src\catalog\catalog_state.dart
DA:4,2
DA:8,1
DA:9,2
DA:10,1
DA:11,3
LF:5
LH:5
end_of_record
SF:lib\src\catalog\catalog_model.dart
DA:4,2
DA:10,1
DA:11,4
DA:14,5
DA:16,2
DA:17,8
LF:6
LH:6
end_of_record
SF:lib\src\cart\cart_state.dart
DA:8,3
DA:10,1
DA:11,2
DA:24,1
DA:25,5
DA:27,2
DA:28,3
DA:29,1
DA:31,2
DA:33,8
DA:36,3
DA:38,1
DA:39,1
DA:42,2
DA:48,1
DA:49,6
DA:52,1
DA:53,3
LF:18
LH:18
end_of_record
SF:lib\src\cart\cart_events.dart
DA:4,0
DA:5,0
DA:11,1
DA:13,0
DA:14,0
DA:20,1
DA:22,0
DA:23,0
DA:31,1
DA:33,0
DA:34,0
DA:42,1
DA:44,0
DA:45,0
LF:14
LH:4
end_of_record
SF:lib\src\cart\cart_bloc.dart
DA:19,2
DA:20,3
DA:21,1
DA:23,2
DA:24,2
DA:25,2
DA:26,2
DA:27,2
DA:28,2
DA:29,2
DA:35,1
DA:36,5
DA:37,0
DA:39,2
DA:40,3
DA:41,0
DA:43,4
DA:46,1
DA:47,3
DA:48,7
DA:50,1
DA:51,1
DA:52,4
DA:54,3
DA:56,2
DA:57,1
DA:58,1
DA:61,1
DA:62,2
DA:63,6
DA:64,1
DA:65,2
DA:66,1
DA:67,1
DA:70,1
DA:71,2
DA:72,2
DA:73,4
DA:74,2
DA:75,2
DA:79,1
DA:80,1
DA:81,2
DA:82,1
DA:83,1
DA:86,1
DA:87,4
DA:88,4
DA:89,3
DA:92,1
DA:93,2
DA:94,1
DA:95,1
DA:98,1
DA:100,1
DA:101,1
DA:104,1
DA:105,1
DA:106,2
DA:107,4
DA:111,1
DA:112,1
DA:113,2
DA:114,4
DA:118,3
DA:119,6
DA:121,0
DA:124,0
DA:125,0
DA:126,0
DA:127,0
DA:128,0
DA:134,1
DA:136,1
LF:74
LH:66
end_of_record
SF:lib\src\util\app_ext.dart
DA:2,1
DA:3,1
LF:2
LH:2
end_of_record
SF:lib\src\cart\cart_models.dart
DA:11,1
DA:13,1
DA:14,4
DA:15,2
DA:16,3
DA:19,0
DA:20,0
DA:21,0
DA:22,0
DA:23,0
DA:27,1
DA:28,1
DA:29,1
DA:30,1
DA:31,1
DA:35,1
DA:36,5
DA:39,1
DA:40,4
DA:52,1
DA:59,2
DA:61,1
DA:62,5
LF:23
LH:18
end_of_record
